2020-09-09 14:25:26,448 : INFO : Forecastiong Job Started...
2020-09-09 14:25:26,645 : INFO : Closing spider (finished)
2020-09-09 14:25:26,646 : INFO : Dumping Scrapy stats:
{'downloader/request_bytes': 265,
 'downloader/request_count': 1,
 'downloader/request_method_count/GET': 1,
 'downloader/response_bytes': 62252,
 'downloader/response_count': 1,
 'downloader/response_status_count/200': 1,
 'elapsed_time_seconds': 1.132863,
 'finish_reason': 'finished',
 'finish_time': datetime.datetime(2020, 9, 9, 19, 25, 26, 645781),
 'log_count/DEBUG': 1,
 'log_count/INFO': 9,
 'response_received_count': 1,
 'scheduler/dequeued': 1,
 'scheduler/dequeued/memory': 1,
 'scheduler/enqueued': 1,
 'scheduler/enqueued/memory': 1,
 'start_time': datetime.datetime(2020, 9, 9, 19, 25, 25, 512918)}
2020-09-09 14:25:26,647 : INFO : Spider closed (finished)
